TN:
SF:src\unusedCode.ts
FNF:0
FNH:0
LF:0
LH:0
BRF:0
BRH:0
end_of_record
TN:
SF:src\detectors\detectCircuitBreaker.ts
FN:4,detectCircuitBreakerIssues
FN:13,(anonymous_10)
FN:25,(anonymous_11)
FNF:3
FNH:1
FNDA:1,detectCircuitBreakerIssues
FNDA:0,(anonymous_10)
FNDA:0,(anonymous_11)
DA:1,1
DA:2,1
DA:4,1
DA:5,1
DA:7,1
DA:12,0
DA:14,0
DA:17,0
DA:22,0
DA:24,0
DA:25,0
DA:26,0
DA:34,0
DA:35,0
DA:46,0
LF:15
LH:5
BRDA:17,0,0,0
BRDA:17,0,1,0
BRDA:17,0,2,0
BRDA:22,1,0,0
BRDA:22,1,1,0
BRDA:24,2,0,0
BRDA:24,3,0,0
BRDA:24,3,1,0
BRDA:27,4,0,0
BRDA:27,4,1,0
BRDA:27,4,2,0
BRDA:27,4,3,0
BRDA:34,5,0,0
BRF:13
BRH:0
end_of_record
TN:
SF:src\detectors\detectDependency.ts
FN:12,detectDependencyIssues
FN:21,(anonymous_1)
FN:31,(anonymous_2)
FNF:3
FNH:1
FNDA:1,detectDependencyIssues
FNDA:0,(anonymous_1)
FNDA:0,(anonymous_2)
DA:2,1
DA:12,1
DA:13,1
DA:20,1
DA:23,0
DA:30,0
DA:32,0
DA:39,0
DA:40,0
DA:46,1
LF:10
LH:5
BRDA:23,0,0,0
BRDA:32,1,0,0
BRDA:32,1,1,0
BRDA:32,1,2,0
BRDA:32,1,3,0
BRDA:39,2,0,0
BRF:6
BRH:0
end_of_record
TN:
SF:src\detectors\detectHealthCheck.ts
FN:14,detectHealthCheckIssues
FN:23,(anonymous_1)
FNF:2
FNH:2
FNDA:1,detectHealthCheckIssues
FNDA:2,(anonymous_1)
DA:2,1
DA:14,1
DA:15,1
DA:16,1
DA:22,1
DA:25,2
DA:33,1
DA:36,1
DA:37,1
DA:47,1
DA:48,0
DA:51,1
LF:12
LH:11
BRDA:25,0,0,1
BRDA:26,1,0,2
BRDA:26,1,1,2
BRDA:26,1,2,2
BRDA:26,1,3,1
BRDA:26,1,4,1
BRDA:36,2,0,1
BRDA:36,3,0,1
BRDA:36,3,1,1
BRDA:36,3,2,0
BRDA:47,4,0,0
BRF:11
BRH:9
end_of_record
TN:
SF:src\detectors\detectInputValidation.ts
FN:12,detectInputValidationIssues
FN:23,(anonymous_1)
FN:45,(anonymous_2)
FNF:3
FNH:2
FNDA:1,detectInputValidationIssues
FNDA:1,(anonymous_1)
FNDA:0,(anonymous_2)
DA:2,1
DA:12,1
DA:13,1
DA:22,1
DA:24,1
DA:31,1
DA:32,1
DA:35,1
DA:36,1
DA:43,1
DA:44,0
DA:46,0
DA:55,1
DA:56,1
DA:63,1
LF:15
LH:13
BRDA:24,0,0,1
BRDA:25,1,0,1
BRDA:25,1,1,1
BRDA:25,1,2,1
BRDA:25,1,3,1
BRDA:25,1,4,1
BRDA:35,2,0,1
BRDA:35,3,0,1
BRDA:35,3,1,1
BRDA:35,3,2,1
BRDA:43,4,0,0
BRDA:43,5,0,1
BRDA:43,5,1,1
BRDA:43,5,2,0
BRDA:46,6,0,0
BRDA:46,6,1,0
BRDA:46,6,2,0
BRDA:46,6,3,0
BRDA:46,6,4,0
BRDA:55,7,0,1
BRF:20
BRH:13
end_of_record
TN:
SF:src\detectors\detectLogging.ts
FN:13,detectLoggingIssues
FN:21,(anonymous_1)
FN:31,(anonymous_2)
FNF:3
FNH:3
FNDA:1,detectLoggingIssues
FNDA:1,(anonymous_1)
FNDA:1,(anonymous_2)
DA:2,1
DA:13,1
DA:14,1
DA:20,1
DA:22,1
DA:23,1
DA:30,1
DA:32,1
DA:37,1
DA:46,1
DA:47,0
DA:53,1
LF:12
LH:11
BRDA:22,0,0,1
BRDA:32,1,0,1
BRDA:33,2,0,1
BRDA:33,2,1,1
BRDA:33,2,2,1
BRDA:46,3,0,0
BRF:6
BRH:5
end_of_record
TN:
SF:src\detectors\detectRateLimiting.ts
FN:13,detectRateLimitingIssues
FN:22,(anonymous_1)
FN:39,(anonymous_2)
FNF:3
FNH:3
FNDA:1,detectRateLimitingIssues
FNDA:3,(anonymous_1)
FNDA:1,(anonymous_2)
DA:2,1
DA:13,1
DA:14,1
DA:15,1
DA:21,1
DA:24,3
DA:31,1
DA:38,1
DA:40,1
DA:46,0
DA:53,1
DA:54,1
DA:55,1
DA:57,0
DA:60,1
LF:15
LH:13
BRDA:24,0,0,1
BRDA:25,1,0,3
BRDA:25,1,1,1
BRDA:25,1,2,1
BRDA:25,1,3,1
BRDA:25,1,4,1
BRDA:38,2,0,0
BRDA:40,3,0,1
BRDA:40,3,1,1
BRDA:40,3,2,1
BRDA:40,3,3,1
BRDA:53,4,0,1
BRDA:53,4,1,0
BRF:13
BRH:11
end_of_record
TN:
SF:src\detectors\detectRetry.ts
FN:12,detectRetryIssues
FN:17,(anonymous_10)
FN:60,(anonymous_11)
FNF:3
FNH:2
FNDA:1,detectRetryIssues
FNDA:15,(anonymous_10)
FNDA:0,(anonymous_11)
DA:2,1
DA:12,1
DA:13,1
DA:16,1
DA:18,15
DA:24,15
DA:29,0
DA:30,0
DA:31,0
DA:33,0
DA:36,0
DA:37,0
DA:38,0
DA:45,0
DA:46,0
DA:47,0
DA:48,0
DA:49,0
DA:50,0
DA:52,0
DA:59,0
DA:61,0
DA:62,0
DA:63,0
DA:72,0
DA:73,0
DA:76,0
DA:84,1
DA:85,1
LF:29
LH:8
BRDA:24,0,0,0
BRDA:25,1,0,15
BRDA:25,1,1,2
BRDA:25,1,2,1
BRDA:25,1,3,1
BRDA:36,2,0,0
BRDA:36,3,0,0
BRDA:36,3,1,0
BRDA:36,3,2,0
BRDA:47,4,0,0
BRDA:61,5,0,0
BRDA:61,6,0,0
BRDA:61,6,1,0
BRDA:72,7,0,0
BRF:14
BRH:4
end_of_record
TN:
SF:src\detectors\detectSecureHeaders.ts
FN:13,detectSecureHeadersIssues
FN:23,(anonymous_1)
FN:24,(anonymous_2)
FN:44,(anonymous_3)
FN:55,(anonymous_4)
FNF:5
FNH:4
FNDA:1,detectSecureHeadersIssues
FNDA:1,(anonymous_1)
FNDA:1,(anonymous_2)
FNDA:0,(anonymous_3)
FNDA:3,(anonymous_4)
DA:2,1
DA:13,1
DA:14,1
DA:15,1
DA:16,1
DA:18,1
DA:24,1
DA:25,1
DA:35,1
DA:45,0
DA:46,0
DA:56,3
DA:66,1
DA:75,1
DA:76,0
DA:79,1
LF:16
LH:13
BRDA:25,0,0,1
BRDA:26,1,0,1
BRDA:26,1,1,1
BRDA:26,1,2,1
BRDA:26,1,3,1
BRDA:26,1,4,1
BRDA:26,1,5,1
BRDA:26,1,6,1
BRDA:26,1,7,1
BRDA:45,2,0,0
BRDA:56,3,0,1
BRDA:57,4,0,3
BRDA:57,4,1,1
BRDA:57,4,2,1
BRDA:57,4,3,1
BRDA:57,4,4,1
BRDA:57,4,5,1
BRDA:57,4,6,1
BRDA:57,4,7,1
BRDA:75,5,0,0
BRDA:75,6,0,1
BRDA:75,6,1,1
BRF:22
BRH:20
end_of_record
TN:
SF:src\detectors\detectTimeout.ts
FN:14,detectTimeoutIssues
FN:25,(anonymous_1)
FN:42,(anonymous_2)
FNF:3
FNH:3
FNDA:1,detectTimeoutIssues
FNDA:1,(anonymous_1)
FNDA:1,(anonymous_2)
DA:2,1
DA:14,1
DA:15,1
DA:16,1
DA:24,1
DA:26,1
DA:31,1
DA:33,1
DA:39,1
DA:40,2
DA:42,1
DA:43,1
DA:47,1
DA:48,1
DA:49,1
DA:58,1
DA:59,0
DA:69,1
LF:18
LH:17
BRDA:26,0,0,1
BRDA:27,1,0,1
BRDA:27,1,1,1
BRDA:27,1,2,1
BRDA:40,2,0,1
BRDA:40,3,0,2
BRDA:40,3,1,2
BRDA:43,4,0,1
BRDA:43,4,1,1
BRDA:43,4,2,1
BRDA:47,5,0,1
BRDA:58,6,0,0
BRDA:69,7,0,1
BRDA:69,7,1,0
BRF:14
BRH:12
end_of_record
